pkg.ads:5:4: info: corresponding test PASSED
pkg.ads:5:4: info: corresponding test PASSED
pkg.ads:5:4: info: corresponding test PASSED
pkg.ads:5:4: info: corresponding test PASSED
pkg.ads:5:4: info: corresponding test PASSED
pkg.ads:3:4: info: corresponding test PASSED
pkg.ads:3:4: info: corresponding test PASSED
pkg.ads:3:4: info: corresponding test PASSED
pkg.ads:3:4: info: corresponding test PASSED
pkg.ads:3:4: info: corresponding test PASSED
pkh.ads:5:4: info: corresponding test PASSED
pkh.ads:5:4: info: corresponding test PASSED
pkh.ads:5:4: info: corresponding test PASSED
pkh.ads:5:4: info: corresponding test PASSED
pkh.ads:5:4: info: corresponding test PASSED
pkh.ads:3:4: info: corresponding test PASSED
pkh.ads:3:4: info: corresponding test PASSED
pkh.ads:3:4: info: corresponding test PASSED
pkh.ads:3:4: info: corresponding test PASSED
pkh.ads:3:4: info: corresponding test PASSED
pkg.ads:3:4: error: corresponding test FAILED: Test not implemented. (pkg-test_data-tests.adb:61)
pkg.ads:5:4: error: corresponding test FAILED: Test not implemented. (pkg-test_data-tests.adb:97)
pkh.ads:3:4: error: corresponding test FAILED: Test not implemented. (pkh-test_data-tests.adb:61)
pkh.ads:5:4: error: corresponding test FAILED: Test not implemented. (pkh-test_data-tests.adb:97)
24 tests run: 20 passed; 4 failed; 0 crashed.
Test runner dumped 20 tests
