pkg.ads:12:4: info: corresponding test PASSED
pkg.ads:12:4: info: corresponding test PASSED
pkg.ads:12:4: info: corresponding test PASSED
pkg.ads:12:4: info: corresponding test PASSED
pkg.ads:12:4: info: corresponding test PASSED
pkg.ads:13:4: info: corresponding test PASSED
pkg.ads:13:4: info: corresponding test PASSED
pkg.ads:13:4: info: corresponding test PASSED
pkg.ads:13:4: info: corresponding test PASSED
pkg.ads:13:4: info: corresponding test PASSED
pkg.ads:11:4: info: corresponding test PASSED
pkg.ads:11:4: info: corresponding test PASSED
pkg.ads:11:4: info: corresponding test PASSED
pkg.ads:11:4: info: corresponding test PASSED
pkg.ads:11:4: info: corresponding test PASSED
pkg.ads:14:4: info: corresponding test PASSED
pkg.ads:14:4: info: corresponding test PASSED
pkg.ads:14:4: info: corresponding test PASSED
pkg.ads:14:4: info: corresponding test PASSED
pkg.ads:14:4: info: corresponding test PASSED
pkg.ads:11:4: error: corresponding test FAILED: Test not implemented. (pkg-test_data-tests.adb:61)
pkg.ads:12:4: error: corresponding test FAILED: Test not implemented. (pkg-test_data-tests.adb:97)
pkg.ads:13:4: error: corresponding test FAILED: Test not implemented. (pkg-test_data-tests.adb:133)
pkg.ads:14:4: error: corresponding test FAILED: Test not implemented. (pkg-test_data-tests.adb:169)
24 tests run: 20 passed; 4 failed; 0 crashed.
Process: src/pkg.ads
Integer: marshal OK
Integer: marshal OK
Integer: marshal OK
Integer: marshal OK
Integer: marshal OK
Answer: marshal OK
Answer: marshal OK
Answer: marshal OK
Answer: marshal OK
Answer: marshal OK
Answer_Array: marshal OK
Answer_Array: marshal OK
Answer_Array: marshal OK
Answer_Array: marshal OK
Answer_Array: marshal OK
User_Answer: marshal OK
User_Answer: marshal OK
User_Answer: marshal OK
User_Answer: marshal OK
