gnattest: Error while processing <ExprFunction ["First"] pkg.ads:15:4-15:66>:
pkg.first.Arr: pkg.long_array is not supported (array type has more elements (2147483647) than the configured limit (1000))

gnattest: Error while processing <ExprFunction ["First"] pkg.ads:17:4-17:80>:
pkg.first.Arr: pkg.long_array_2 is not supported (array type has more elements (4294967296) than the configured limit (1000))

gnattest: Error while processing <ExprFunction ["First"] pkg.ads:19:4-19:70>:
pkg.first.Arr: pkg.long_array_3 is not supported (array type has more elements (100000) than the configured limit (1000))

gnattest: Error while processing <ExprFunction ["First"] pkg.ads:21:4-21:76>:
Failed to translate type of component<ComponentDecl ["Long_Component"] pkg.ads:12:7-12:43>: array type has more elements (100000) than the configured limit (1000)

pkg.ads:23:4: info: corresponding test PASSED
pkg.ads:23:4: info: corresponding test PASSED
pkg.ads:23:4: info: corresponding test PASSED
pkg.ads:23:4: info: corresponding test PASSED
pkg.ads:23:4: info: corresponding test PASSED
pkg.ads:15:4: error: corresponding test FAILED: Test not implemented. (pkg-test_data-tests.adb:45)
pkg.ads:17:4: error: corresponding test FAILED: Test not implemented. (pkg-test_data-tests.adb:66)
pkg.ads:19:4: error: corresponding test FAILED: Test not implemented. (pkg-test_data-tests.adb:87)
pkg.ads:21:4: error: corresponding test FAILED: Test not implemented. (pkg-test_data-tests.adb:108)
pkg.ads:23:4: error: corresponding test FAILED: Test not implemented. (pkg-test_data-tests.adb:129)
10 tests run: 5 passed; 5 failed; 0 crashed.
