line 2
pkg.ads:2:4: error: corresponding test FAILED: Test not implemented. (pkg-test_data-tests.adb:44)
1 tests run: 0 passed; 1 failed; 0 crashed.
line 22
pkg.ads:22:4: error: corresponding test FAILED: Test not implemented. (pkg-test_data-tests.adb:65)
1 tests run: 0 passed; 1 failed; 0 crashed.
