priv-child.ads:3:4: info: corresponding test PASSED
priv-child.ads:3:4: info: corresponding test PASSED
priv-child.ads:3:4: info: corresponding test PASSED
priv-child.ads:3:4: info: corresponding test PASSED
priv-child.ads:3:4: info: corresponding test PASSED
pub.ads:8:4: info: corresponding test PASSED
pub.ads:8:4: info: corresponding test PASSED
pub.ads:8:4: info: corresponding test PASSED
pub.ads:8:4: info: corresponding test PASSED
pub.ads:8:4: info: corresponding test PASSED
priv-child.ads:3:4: error: corresponding test FAILED: Test not implemented. (priv-child-test_data-tests.adb:61)
pub.ads:8:4: error: corresponding test FAILED: Test not implemented. (pub-test_data-tests.adb:61)
12 tests run: 10 passed; 2 failed; 0 crashed.
Test runner dumped 10 tests
