Units remaining: 2     Units remaining: 1     
my_file.ads:3:4: info: corresponding test PASSED
my_file.ads:3:4: info: corresponding test PASSED
my_file.ads:3:4: error: corresponding test FAILED: Test not implemented. (my_file-test_data-tests.adb:44)
3 tests run: 2 passed; 1 failed; 0 crashed.
