Units remaining: 3     Units remaining: 2     Units remaining: 1      warning: (gnattest) Pkg.Test_Data.Tests has dangling test(s)

Pkg.Supported_Global is  3
Pkg.Supported_Global is -577200006
Pkg.Supported_Global is  1250692866
Pkg.Supported_Global is  736
Pkg.Supported_Global is  1867359149
Pkg.Supported_Global is -1682344332
Pkg.Supported_Global is  3
Pkg.Supported_Global is  523566726
Pkg.Supported_Global is  1207654044
Pkg.Supported_Global is  60588
Pkg.Supported_Global is -531894861
Pkg.Supported_Global is  898089
Pkg.Supported_Global is  898089
Pkg.Supported_Global is  898089
Pkg.Supported_Global is  898089
Pkg.Supported_Global is  898089
Pkg.Supported_Global is  898089
Pkg.Supported_Global is  898089
Pkg.Supported_Global is  3
Pkg.Supported_Global is  0
Pkg.Supported_Global is -276851564
Pkg.Supported_Global is  1275105366
Pkg.Supported_Global is -1395462211
Pkg.Supported_Global is  1002216731
pkg.ads:14:4: info: corresponding test PASSED
pkg.ads:14:4: info: corresponding test PASSED
pkg.ads:14:4: info: corresponding test PASSED
pkg.ads:14:4: info: corresponding test PASSED
pkg.ads:14:4: info: corresponding test PASSED
pkg.ads:14:4: info: corresponding test PASSED
pkg.ads:24:4: info: corresponding test PASSED
pkg.ads:24:4: info: corresponding test PASSED
pkg.ads:24:4: info: corresponding test PASSED
pkg.ads:24:4: info: corresponding test PASSED
pkg.ads:24:4: info: corresponding test PASSED
pkg.ads:24:4: info: corresponding test PASSED
pkg.ads:21:4: info: corresponding test PASSED
pkg.ads:21:4: info: corresponding test PASSED
pkg.ads:21:4: info: corresponding test PASSED
pkg.ads:21:4: info: corresponding test PASSED
pkg.ads:21:4: info: corresponding test PASSED
pkg.ads:21:4: info: corresponding test PASSED
pkg.ads:12:4: info: corresponding test PASSED
pkg.ads:12:4: info: corresponding test PASSED
pkg.ads:12:4: info: corresponding test PASSED
pkg.ads:12:4: info: corresponding test PASSED
pkg.ads:12:4: info: corresponding test PASSED
pkg.ads:18:4: info: corresponding test PASSED
pkg.ads:18:4: info: corresponding test PASSED
pkg.ads:18:4: info: corresponding test PASSED
pkg.ads:18:4: info: corresponding test PASSED
pkg.ads:18:4: info: corresponding test PASSED
pkg.ads:18:4: info: corresponding test PASSED
pkg.ads:16:4: info: corresponding test PASSED
pkg.ads:16:4: info: corresponding test PASSED
pkg.ads:16:4: info: corresponding test PASSED
pkg.ads:16:4: info: corresponding test PASSED
pkg.ads:16:4: info: corresponding test PASSED
pkg.ads:16:4: info: corresponding test PASSED
pkg.ads:12:4: error: corresponding test FAILED: Test not implemented. (pkg-test_data-tests.adb:45)
pkg.ads:14:4: error: corresponding test FAILED: Test not implemented. (pkg-test_data-tests.adb:66)
pkg.ads:16:4: error: corresponding test FAILED: Test not implemented. (pkg-test_data-tests.adb:87)
pkg.ads:18:4: error: corresponding test FAILED: Test not implemented. (pkg-test_data-tests.adb:108)
pkg.ads:21:4: error: corresponding test FAILED: Test not implemented. (pkg-test_data-tests.adb:129)
pkg.ads:24:4: error: corresponding test FAILED: Test not implemented. (pkg-test_data-tests.adb:150)
41 tests run: 35 passed; 6 failed; 0 crashed.
