<ExprFunction ["Mul"] pkg.ads:4:4-4:70>: subprogram skipped
<ExprFunction ["Div"] pkg.ads:5:4-5:70>: subprogram skipped
pkg.ads:3:4: info: corresponding test PASSED
pkg.ads:3:4: info: corresponding test PASSED
pkg.ads:3:4: info: corresponding test PASSED
pkg.ads:3:4: info: corresponding test PASSED
pkg.ads:3:4: info: corresponding test PASSED
pkg.ads:2:4: info: corresponding test PASSED
pkg.ads:2:4: info: corresponding test PASSED
pkg.ads:2:4: info: corresponding test PASSED
pkg.ads:2:4: info: corresponding test PASSED
pkg.ads:2:4: info: corresponding test PASSED
pkg.ads:2:4: error: corresponding test FAILED: Test not implemented. (pkg-test_data-tests.adb:45)
pkg.ads:3:4: error: corresponding test FAILED: Test not implemented. (pkg-test_data-tests.adb:66)
pkg.ads:4:4: error: corresponding test FAILED: Test not implemented. (pkg-test_data-tests.adb:87)
pkg.ads:5:4: error: corresponding test FAILED: Test not implemented. (pkg-test_data-tests.adb:108)
14 tests run: 10 passed; 4 failed; 0 crashed.
