simple.ads:10:4: info: corresponding test PASSED
simple.ads:10:4: error: corresponding test FAILED: Test not implemented. (simple-test_data-tests.adb:44)
2 tests run: 1 passed; 1 failed; 0 crashed.
