gnattest: Error while processing <SubpDecl ["Should_Be_Rejected"] pkg.ads:7:4-7:61>:
pkg.should_be_rejected.Val: priv.priv_t is not supported (System.Address unsupported)

pkg.ads:9:4: info: corresponding test PASSED
pkg.ads:9:4: info: corresponding test PASSED
pkg.ads:9:4: info: corresponding test PASSED
pkg.ads:9:4: info: corresponding test PASSED
pkg.ads:9:4: info: corresponding test PASSED
pkg.ads:7:4: error: corresponding test FAILED: Test not implemented. (pkg-test_data-tests.adb:61)
pkg.ads:9:4: error: corresponding test FAILED: Test not implemented. (pkg-test_data-tests.adb:97)
7 tests run: 5 passed; 2 failed; 0 crashed.
Test runner dumped 5 tests
