priv-child.ads:3:4: info: corresponding test PASSED
priv-child.ads:3:4: info: corresponding test PASSED
priv-child.ads:3:4: info: corresponding test PASSED
priv-child.ads:3:4: info: corresponding test PASSED
priv-child.ads:3:4: info: corresponding test PASSED
priv-child.ads:3:4: error: corresponding test FAILED: Test not implemented. (priv-child-test_data-tests.adb:61)
6 tests run: 5 passed; 1 failed; 0 crashed.
Test runner dumped 5 tests
