pkg.ads:5:4: error: corresponding test FAILED: Test not implemented. (pkg-test_data-tests.adb:61)
1 tests run: 0 passed; 1 failed; 0 crashed.
Test runner dumped 0 tests
