pkg.ads:5:4: info: corresponding test PASSED
pkg.ads:5:4: info: corresponding test PASSED
pkg.ads:5:4: info: corresponding test PASSED
pkg.ads:5:4: info: corresponding test PASSED
pkg.ads:5:4: info: corresponding test PASSED
pkg.ads:3:4: info: corresponding test PASSED
pkg.ads:3:4: info: corresponding test PASSED
pkg.ads:3:4: info: corresponding test PASSED
pkg.ads:3:4: info: corresponding test PASSED
pkg.ads:3:4: info: corresponding test PASSED
pkg.ads:3:4: error: corresponding test FAILED: Test not implemented. (pkg-test_data-tests.adb:61)
pkg.ads:5:4: error: corresponding test FAILED: Test not implemented. (pkg-test_data-tests.adb:97)
12 tests run: 10 passed; 2 failed; 0 crashed.
Test runner dumped 10 tests
