pkg.ads:23:4: info: corresponding test PASSED
pkg.ads:23:4: info: corresponding test PASSED
pkg.ads:23:4: info: corresponding test PASSED
pkg.ads:23:4: info: corresponding test PASSED
pkg.ads:23:4: info: corresponding test PASSED
pkg.ads:23:4: info: corresponding test PASSED
pkg.ads:23:4: info: corresponding test PASSED
pkg.ads:23:4: info: corresponding test PASSED
pkg.ads:23:4: info: corresponding test PASSED
pkg.ads:23:4: info: corresponding test PASSED
pkg.ads:23:4: info: corresponding test PASSED
pkg.ads:23:4: info: corresponding test PASSED
pkg.ads:23:4: info: corresponding test PASSED
pkg.ads:23:4: info: corresponding test PASSED
pkg.ads:23:4: info: corresponding test PASSED
pkg.ads:23:4: info: corresponding test PASSED
pkg.ads:23:4: info: corresponding test PASSED
pkg.ads:23:4: info: corresponding test PASSED
pkg.ads:23:4: info: corresponding test PASSED
pkg.ads:23:4: info: corresponding test PASSED
pkg.ads:23:4: info: corresponding test PASSED
pkg.ads:23:4: info: corresponding test PASSED
pkg.ads:23:4: info: corresponding test PASSED
pkg.ads:23:4: info: corresponding test PASSED
pkg.ads:23:4: info: corresponding test PASSED
pkg.ads:23:4: info: corresponding test PASSED
pkg.ads:23:4: info: corresponding test PASSED
pkg.ads:23:4: info: corresponding test PASSED
pkg.ads:23:4: info: corresponding test PASSED
pkg.ads:23:4: info: corresponding test PASSED
pkg.ads:23:4: info: corresponding test PASSED
pkg.ads:23:4: info: corresponding test PASSED
pkg.ads:23:4: info: corresponding test PASSED
pkg.ads:23:4: info: corresponding test PASSED
pkg.ads:23:4: info: corresponding test PASSED
pkg.ads:23:4: info: corresponding test PASSED
pkg.ads:58:4: info: corresponding test PASSED
pkg.ads:58:4: info: corresponding test PASSED
pkg.ads:58:4: info: corresponding test PASSED
pkg.ads:58:4: info: corresponding test PASSED
pkg.ads:58:4: info: corresponding test PASSED
pkg.ads:64:4: info: corresponding test PASSED
pkg.ads:64:4: info: corresponding test PASSED
pkg.ads:64:4: info: corresponding test PASSED
pkg.ads:70:4: info: corresponding test PASSED
pkg.ads:47:4: info: corresponding test PASSED
pkg.ads:47:4: info: corresponding test PASSED
pkg.ads:27:4: info: corresponding test PASSED
pkg.ads:36:4: info: corresponding test PASSED
pkg.ads:36:4: info: corresponding test PASSED
pkg.ads:36:4: info: corresponding test PASSED
pkg.ads:31:4: info: corresponding test PASSED
pkg.ads:31:4: info: corresponding test PASSED
pkg.ads:31:4: info: corresponding test PASSED
pkg.ads:13:4: info: corresponding test PASSED
pkg.ads:13:4: info: corresponding test PASSED
pkg.ads:13:4: info: corresponding test PASSED
pkg.ads:13:4: info: corresponding test PASSED
pkg.ads:13:4: info: corresponding test PASSED
pkg.ads:13:4: info: corresponding test PASSED
pkg.ads:13:4: info: corresponding test PASSED
pkg.ads:13:4: info: corresponding test PASSED
pkg.ads:13:4: info: corresponding test PASSED
pkg.ads:13:4: info: corresponding test PASSED
pkg.ads:13:4: info: corresponding test PASSED
pkg.ads:13:4: info: corresponding test PASSED
pkg.ads:13:4: info: corresponding test PASSED
pkg.ads:13:4: info: corresponding test PASSED
pkg.ads:13:4: info: corresponding test PASSED
pkg.ads:13:4: info: corresponding test PASSED
pkg.ads:13:4: info: corresponding test PASSED
pkg.ads:13:4: info: corresponding test PASSED
pkg.ads:13:4: info: corresponding test PASSED
pkg.ads:13:4: info: corresponding test PASSED
pkg.ads:13:4: info: corresponding test PASSED
pkg.ads:13:4: info: corresponding test PASSED
pkg.ads:13:4: info: corresponding test PASSED
pkg.ads:13:4: info: corresponding test PASSED
pkg.ads:13:4: info: corresponding test PASSED
pkg.ads:13:4: info: corresponding test PASSED
pkg.ads:13:4: info: corresponding test PASSED
pkg.ads:13:4: info: corresponding test PASSED
pkg.ads:13:4: info: corresponding test PASSED
pkg.ads:13:4: info: corresponding test PASSED
pkg.ads:13:4: info: corresponding test PASSED
pkg.ads:13:4: info: corresponding test PASSED
pkg.ads:13:4: info: corresponding test PASSED
pkg.ads:13:4: info: corresponding test PASSED
pkg.ads:13:4: info: corresponding test PASSED
pkg.ads:13:4: info: corresponding test PASSED
pkg.ads:13:4: info: corresponding test PASSED
pkg.ads:13:4: info: corresponding test PASSED
pkg.ads:13:4: info: corresponding test PASSED
pkg.ads:13:4: info: corresponding test PASSED
pkg.ads:13:4: info: corresponding test PASSED
pkg.ads:13:4: info: corresponding test PASSED
pkg.ads:13:4: info: corresponding test PASSED
pkg.ads:13:4: info: corresponding test PASSED
pkg.ads:13:4: info: corresponding test PASSED
pkg.ads:13:4: info: corresponding test PASSED
pkg.ads:13:4: info: corresponding test PASSED
pkg.ads:13:4: info: corresponding test PASSED
pkg.ads:13:4: info: corresponding test PASSED
pkg.ads:13:4: info: corresponding test PASSED
pkg.ads:13:4: info: corresponding test PASSED
pkg.ads:13:4: info: corresponding test PASSED
pkg.ads:13:4: info: corresponding test PASSED
pkg.ads:13:4: info: corresponding test PASSED
pkg.ads:13:4: info: corresponding test PASSED
pkg.ads:13:4: info: corresponding test PASSED
pkg.ads:13:4: info: corresponding test PASSED
pkg.ads:13:4: info: corresponding test PASSED
pkg.ads:13:4: info: corresponding test PASSED
pkg.ads:13:4: info: corresponding test PASSED
pkg.ads:13:4: info: corresponding test PASSED
pkg.ads:13:4: info: corresponding test PASSED
pkg.ads:13:4: info: corresponding test PASSED
pkg.ads:13:4: info: corresponding test PASSED
pkg.ads:13:4: info: corresponding test PASSED
pkg.ads:13:4: info: corresponding test PASSED
pkg.ads:13:4: info: corresponding test PASSED
pkg.ads:13:4: info: corresponding test PASSED
pkg.ads:13:4: info: corresponding test PASSED
pkg.ads:13:4: info: corresponding test PASSED
pkg.ads:13:4: info: corresponding test PASSED
pkg.ads:13:4: info: corresponding test PASSED
pkg.ads:41:4: info: corresponding test PASSED
pkg.ads:41:4: info: corresponding test PASSED
pkg.ads:41:4: info: corresponding test PASSED
pkg.ads:13:4: error: corresponding test FAILED: Test not implemented. (pkg-test_data-tests.adb:52)
pkg.ads:23:4: error: corresponding test FAILED: Test not implemented. (pkg-test_data-tests.adb:81)
pkg.ads:27:4: error: corresponding test FAILED: Test not implemented. (pkg-test_data-tests.adb:110)
pkg.ads:31:4: error: corresponding test FAILED: Test not implemented. (pkg-test_data-tests.adb:139)
pkg.ads:36:4: error: corresponding test FAILED: Test not implemented. (pkg-test_data-tests.adb:168)
pkg.ads:41:4: error: corresponding test FAILED: Test not implemented. (pkg-test_data-tests.adb:197)
pkg.ads:47:4: error: corresponding test FAILED: Test not implemented. (pkg-test_data-tests.adb:226)
pkg.ads:58:4: error: corresponding test FAILED: Test not implemented. (pkg-test_data-tests.adb:255)
pkg.ads:64:4: error: corresponding test FAILED: Test not implemented. (pkg-test_data-tests.adb:284)
pkg.ads:70:4: error: corresponding test FAILED: Test not implemented. (pkg-test_data-tests.adb:313)
139 tests run: 129 passed; 10 failed; 0 crashed.
