bar.ads:2:4: info: corresponding test PASSED
bar.ads:2:4: info: corresponding test PASSED
bar.ads:2:4: info: corresponding test PASSED
bar.ads:2:4: info: corresponding test PASSED
bar.ads:2:4: info: corresponding test PASSED
baz.ads:2:4: info: corresponding test PASSED
baz.ads:2:4: info: corresponding test PASSED
baz.ads:2:4: info: corresponding test PASSED
baz.ads:2:4: info: corresponding test PASSED
baz.ads:2:4: info: corresponding test PASSED
foo.ads:2:4: info: corresponding test PASSED
foo.ads:2:4: info: corresponding test PASSED
foo.ads:2:4: info: corresponding test PASSED
foo.ads:2:4: info: corresponding test PASSED
foo.ads:2:4: info: corresponding test PASSED
bar.ads:2:4: error: corresponding test FAILED: Test not implemented. (bar-test_data-tests.adb:45)
bar.ads:3:4: error: corresponding test FAILED: Test not implemented. (bar-test_data-tests.adb:66)
baz.ads:2:4: error: corresponding test FAILED: Test not implemented. (baz-test_data-tests.adb:45)
foo.ads:2:4: error: corresponding test FAILED: Test not implemented. (foo-test_data-tests.adb:45)
foo.ads:3:4: error: corresponding test FAILED: Test not implemented. (foo-test_data-tests.adb:66)
20 tests run: 15 passed; 5 failed; 0 crashed.
