Units remaining: 2     Units remaining: 1     
pkg.ads:7:4: info: corresponding test PASSED
pkg.ads:7:4: info: corresponding test PASSED
pkg.ads:7:4: info: corresponding test PASSED
pkg.ads:7:4: info: corresponding test PASSED
pkg.ads:7:4: info: corresponding test PASSED
pkg.ads:7:4: error: corresponding test FAILED: Test not implemented. (pkg-test_data-tests.adb:45)
6 tests run: 5 passed; 1 failed; 0 crashed.
